<?xml version="1.0" encoding="UTF-8"?>
<!-- Generated by org.testng.reporters.JUnitXMLReporter -->
<testsuite hostname="KB-PC251295" ignored="2" name="Test" tests="1" failures="0" timestamp="2022-05-20T08:56:46 IST" time="8.033" errors="0">
  <testcase name="testCase" time="1.217" classname="smokeregression.test2"/>
  <testcase name="testCase" time="0.0" classname="smokeregression.test4">
    <ignored/>
  </testcase> <!-- testCase -->
  <testcase name="testCase" time="0.0" classname="smokeregression.test3">
    <ignored/>
  </testcase> <!-- testCase -->
</testsuite> <!-- Test -->
